Vivado Simulator v2022.2
Copyright 1986-1999, 2001-2022 Xilinx, Inc. All Rights Reserved.
Running: C:/Xilinx/Vivado/2022.2/bin/unwrapped/win64.o/xelab.exe --incr --debug typical --relax --mt 2 -L xil_defaultlib -L unisims_ver -L unimacro_ver -L secureip -L xpm --snapshot top_sim_behav xil_defaultlib.top_sim xil_defaultlib.glbl -log elaborate.log 
Using 2 slave threads.
Starting static elaboration
Pass Through NonSizing Optimizer
WARNING: [VRFC 10-3091] actual bit length 32 differs from formal bit length 5 for port 's_axi_awaddr' [C:/Users/VLSI_15/Desktop/RB/neuralNetwork-master/neuralNetwork-master/NN FPGA/src/fpga/tb/top_sim.v:73]
WARNING: [VRFC 10-3091] actual bit length 32 differs from formal bit length 3 for port 's_axi_awprot' [C:/Users/VLSI_15/Desktop/RB/neuralNetwork-master/neuralNetwork-master/NN FPGA/src/fpga/tb/top_sim.v:74]
WARNING: [VRFC 10-3091] actual bit length 32 differs from formal bit length 5 for port 's_axi_araddr' [C:/Users/VLSI_15/Desktop/RB/neuralNetwork-master/neuralNetwork-master/NN FPGA/src/fpga/tb/top_sim.v:84]
WARNING: [VRFC 10-3091] actual bit length 32 differs from formal bit length 3 for port 's_axi_arprot' [C:/Users/VLSI_15/Desktop/RB/neuralNetwork-master/neuralNetwork-master/NN FPGA/src/fpga/tb/top_sim.v:85]
WARNING: [VRFC 10-3091] actual bit length 11 differs from formal bit length 10 for port 'radd' [C:/Users/VLSI_15/Desktop/RB/neuralNetwork-master/neuralNetwork-master/NN FPGA/src/fpga/rtl/neuron.v:172]
WARNING: [VRFC 10-3091] actual bit length 10 differs from formal bit length 1 for port 'i_valid' [C:/Users/VLSI_15/Desktop/RB/neuralNetwork-master/neuralNetwork-master/NN FPGA/src/fpga/rtl/zynet.v:378]
Completed static elaboration
Starting simulation data flow analysis
WARNING: [XSIM 43-4099] "C:/Users/VLSI_15/Desktop/RB/neuralNetwork-master/neuralNetwork-master/NN FPGA/src/fpga/rtl/Layer_1.v" Line 1. Module Layer_1(dataWidth=8,actType="sigmoid") doesn't have a timescale but at least one module in design has a timescale.
WARNING: [XSIM 43-4099] "C:/Users/VLSI_15/Desktop/RB/neuralNetwork-master/neuralNetwork-master/NN FPGA/src/fpga/rtl/Layer_2.v" Line 1. Module Layer_2(numWeight=30,dataWidth=8,layerNum=2,actType="sigmoid") doesn't have a timescale but at least one module in design has a timescale.
WARNING: [XSIM 43-4099] "C:/Users/VLSI_15/Desktop/RB/neuralNetwork-master/neuralNetwork-master/NN FPGA/src/fpga/rtl/Layer_3.v" Line 1. Module Layer_3(NN=10,numWeight=30,dataWidth=8,layerNum=3,actType="sigmoid") doesn't have a timescale but at least one module in design has a timescale.
WARNING: [XSIM 43-4099] "C:/Users/VLSI_15/Desktop/RB/neuralNetwork-master/neuralNetwork-master/NN FPGA/src/fpga/rtl/Layer_4.v" Line 1. Module Layer_4(NN=10,numWeight=10,dataWidth=8,layerNum=4,actType="sigmoid") doesn't have a timescale but at least one module in design has a timescale.
WARNING: [XSIM 43-4099] "C:/Users/VLSI_15/Desktop/RB/neuralNetwork-master/neuralNetwork-master/NN FPGA/src/fpga/rtl/Layer_1.v" Line 1. Module Layer_1(dataWidth=8,actType="sigmoid") doesn't have a timescale but at least one module in design has a timescale.
WARNING: [XSIM 43-4099] "C:/Users/VLSI_15/Desktop/RB/neuralNetwork-master/neuralNetwork-master/NN FPGA/src/fpga/rtl/Layer_2.v" Line 1. Module Layer_2(numWeight=30,dataWidth=8,layerNum=2,actType="sigmoid") doesn't have a timescale but at least one module in design has a timescale.
WARNING: [XSIM 43-4099] "C:/Users/VLSI_15/Desktop/RB/neuralNetwork-master/neuralNetwork-master/NN FPGA/src/fpga/rtl/Layer_3.v" Line 1. Module Layer_3(NN=10,numWeight=30,dataWidth=8,layerNum=3,actType="sigmoid") doesn't have a timescale but at least one module in design has a timescale.
WARNING: [XSIM 43-4099] "C:/Users/VLSI_15/Desktop/RB/neuralNetwork-master/neuralNetwork-master/NN FPGA/src/fpga/rtl/Layer_4.v" Line 1. Module Layer_4(NN=10,numWeight=10,dataWidth=8,layerNum=4,actType="sigmoid") doesn't have a timescale but at least one module in design has a timescale.
Completed simulation data flow analysis
Time Resolution for simulation is 1ps
Compiling module xil_defaultlib.axi_lite_wrapper_default
Compiling module xil_defaultlib.Weight_Memory(numWeight=784,neur...
Compiling module xil_defaultlib.Sig_ROM(dataWidth=8)
Compiling module xil_defaultlib.neuron(layerNo=1,dataWidth=8,sig...
Compiling module xil_defaultlib.Weight_Memory(numWeight=784,neur...
Compiling module xil_defaultlib.neuron(layerNo=1,neuronNo=1,data...
Compiling module xil_defaultlib.Weight_Memory(numWeight=784,neur...
Compiling module xil_defaultlib.neuron(layerNo=1,neuronNo=2,data...
Compiling module xil_defaultlib.Weight_Memory(numWeight=784,neur...
Compiling module xil_defaultlib.neuron(layerNo=1,neuronNo=3,data...
Compiling module xil_defaultlib.Weight_Memory(numWeight=784,neur...
Compiling module xil_defaultlib.neuron(layerNo=1,neuronNo=4,data...
Compiling module xil_defaultlib.Weight_Memory(numWeight=784,data...
Compiling module xil_defaultlib.neuron(layerNo=1,neuronNo=5,data...
Compiling module xil_defaultlib.Weight_Memory(numWeight=784,neur...
Compiling module xil_defaultlib.neuron(layerNo=1,neuronNo=6,data...
Compiling module xil_defaultlib.Weight_Memory(numWeight=784,neur...
Compiling module xil_defaultlib.neuron(layerNo=1,neuronNo=7,data...
Compiling module xil_defaultlib.Weight_Memory(numWeight=784,neur...
Compiling module xil_defaultlib.neuron(layerNo=1,neuronNo=8,data...
Compiling module xil_defaultlib.Weight_Memory(numWeight=784,neur...
Compiling module xil_defaultlib.neuron(layerNo=1,neuronNo=9,data...
Compiling module xil_defaultlib.Weight_Memory(numWeight=784,neur...
Compiling module xil_defaultlib.neuron(layerNo=1,neuronNo=10,dat...
Compiling module xil_defaultlib.Weight_Memory(numWeight=784,neur...
Compiling module xil_defaultlib.neuron(layerNo=1,neuronNo=11,dat...
Compiling module xil_defaultlib.Weight_Memory(numWeight=784,neur...
Compiling module xil_defaultlib.neuron(layerNo=1,neuronNo=12,dat...
Compiling module xil_defaultlib.Weight_Memory(numWeight=784,neur...
Compiling module xil_defaultlib.neuron(layerNo=1,neuronNo=13,dat...
Compiling module xil_defaultlib.Weight_Memory(numWeight=784,neur...
Compiling module xil_defaultlib.neuron(layerNo=1,neuronNo=14,dat...
Compiling module xil_defaultlib.Weight_Memory(numWeight=784,neur...
Compiling module xil_defaultlib.neuron(layerNo=1,neuronNo=15,dat...
Compiling module xil_defaultlib.Weight_Memory(numWeight=784,neur...
Compiling module xil_defaultlib.neuron(layerNo=1,neuronNo=16,dat...
Compiling module xil_defaultlib.Weight_Memory(numWeight=784,neur...
Compiling module xil_defaultlib.neuron(layerNo=1,neuronNo=17,dat...
Compiling module xil_defaultlib.Weight_Memory(numWeight=784,neur...
Compiling module xil_defaultlib.neuron(layerNo=1,neuronNo=18,dat...
Compiling module xil_defaultlib.Weight_Memory(numWeight=784,neur...
Compiling module xil_defaultlib.neuron(layerNo=1,neuronNo=19,dat...
Compiling module xil_defaultlib.Weight_Memory(numWeight=784,neur...
Compiling module xil_defaultlib.neuron(layerNo=1,neuronNo=20,dat...
Compiling module xil_defaultlib.Weight_Memory(numWeight=784,neur...
Compiling module xil_defaultlib.neuron(layerNo=1,neuronNo=21,dat...
Compiling module xil_defaultlib.Weight_Memory(numWeight=784,neur...
Compiling module xil_defaultlib.neuron(layerNo=1,neuronNo=22,dat...
Compiling module xil_defaultlib.Weight_Memory(numWeight=784,neur...
Compiling module xil_defaultlib.neuron(layerNo=1,neuronNo=23,dat...
Compiling module xil_defaultlib.Weight_Memory(numWeight=784,neur...
Compiling module xil_defaultlib.neuron(layerNo=1,neuronNo=24,dat...
Compiling module xil_defaultlib.Weight_Memory(numWeight=784,neur...
Compiling module xil_defaultlib.neuron(layerNo=1,neuronNo=25,dat...
Compiling module xil_defaultlib.Weight_Memory(numWeight=784,neur...
Compiling module xil_defaultlib.neuron(layerNo=1,neuronNo=26,dat...
Compiling module xil_defaultlib.Weight_Memory(numWeight=784,neur...
Compiling module xil_defaultlib.neuron(layerNo=1,neuronNo=27,dat...
Compiling module xil_defaultlib.Weight_Memory(numWeight=784,neur...
Compiling module xil_defaultlib.neuron(layerNo=1,neuronNo=28,dat...
Compiling module xil_defaultlib.Weight_Memory(numWeight=784,neur...
Compiling module xil_defaultlib.neuron(layerNo=1,neuronNo=29,dat...
Compiling module xil_defaultlib.Layer_1(dataWidth=8,actType="sig...
Compiling module xil_defaultlib.Weight_Memory(numWeight=30,neuro...
Compiling module xil_defaultlib.neuron(layerNo=2,numWeight=30,da...
Compiling module xil_defaultlib.Weight_Memory(numWeight=30,neuro...
Compiling module xil_defaultlib.neuron(layerNo=2,neuronNo=1,numW...
Compiling module xil_defaultlib.Weight_Memory(numWeight=30,neuro...
Compiling module xil_defaultlib.neuron(layerNo=2,neuronNo=2,numW...
Compiling module xil_defaultlib.Weight_Memory(numWeight=30,neuro...
Compiling module xil_defaultlib.neuron(layerNo=2,neuronNo=3,numW...
Compiling module xil_defaultlib.Weight_Memory(numWeight=30,neuro...
Compiling module xil_defaultlib.neuron(layerNo=2,neuronNo=4,numW...
Compiling module xil_defaultlib.Weight_Memory(numWeight=30,layer...
Compiling module xil_defaultlib.neuron(layerNo=2,neuronNo=5,numW...
Compiling module xil_defaultlib.Weight_Memory(numWeight=30,neuro...
Compiling module xil_defaultlib.neuron(layerNo=2,neuronNo=6,numW...
Compiling module xil_defaultlib.Weight_Memory(numWeight=30,neuro...
Compiling module xil_defaultlib.neuron(layerNo=2,neuronNo=7,numW...
Compiling module xil_defaultlib.Weight_Memory(numWeight=30,neuro...
Compiling module xil_defaultlib.neuron(layerNo=2,neuronNo=8,numW...
Compiling module xil_defaultlib.Weight_Memory(numWeight=30,neuro...
Compiling module xil_defaultlib.neuron(layerNo=2,neuronNo=9,numW...
Compiling module xil_defaultlib.Weight_Memory(numWeight=30,neuro...
Compiling module xil_defaultlib.neuron(layerNo=2,neuronNo=10,num...
Compiling module xil_defaultlib.Weight_Memory(numWeight=30,neuro...
Compiling module xil_defaultlib.neuron(layerNo=2,neuronNo=11,num...
Compiling module xil_defaultlib.Weight_Memory(numWeight=30,neuro...
Compiling module xil_defaultlib.neuron(layerNo=2,neuronNo=12,num...
Compiling module xil_defaultlib.Weight_Memory(numWeight=30,neuro...
Compiling module xil_defaultlib.neuron(layerNo=2,neuronNo=13,num...
Compiling module xil_defaultlib.Weight_Memory(numWeight=30,neuro...
Compiling module xil_defaultlib.neuron(layerNo=2,neuronNo=14,num...
Compiling module xil_defaultlib.Weight_Memory(numWeight=30,neuro...
Compiling module xil_defaultlib.neuron(layerNo=2,neuronNo=15,num...
Compiling module xil_defaultlib.Weight_Memory(numWeight=30,neuro...
Compiling module xil_defaultlib.neuron(layerNo=2,neuronNo=16,num...
Compiling module xil_defaultlib.Weight_Memory(numWeight=30,neuro...
Compiling module xil_defaultlib.neuron(layerNo=2,neuronNo=17,num...
Compiling module xil_defaultlib.Weight_Memory(numWeight=30,neuro...
Compiling module xil_defaultlib.neuron(layerNo=2,neuronNo=18,num...
Compiling module xil_defaultlib.Weight_Memory(numWeight=30,neuro...
Compiling module xil_defaultlib.neuron(layerNo=2,neuronNo=19,num...
Compiling module xil_defaultlib.Weight_Memory(numWeight=30,neuro...
Compiling module xil_defaultlib.neuron(layerNo=2,neuronNo=20,num...
Compiling module xil_defaultlib.Weight_Memory(numWeight=30,neuro...
Compiling module xil_defaultlib.neuron(layerNo=2,neuronNo=21,num...
Compiling module xil_defaultlib.Weight_Memory(numWeight=30,neuro...
Compiling module xil_defaultlib.neuron(layerNo=2,neuronNo=22,num...
Compiling module xil_defaultlib.Weight_Memory(numWeight=30,neuro...
Compiling module xil_defaultlib.neuron(layerNo=2,neuronNo=23,num...
Compiling module xil_defaultlib.Weight_Memory(numWeight=30,neuro...
Compiling module xil_defaultlib.neuron(layerNo=2,neuronNo=24,num...
Compiling module xil_defaultlib.Weight_Memory(numWeight=30,neuro...
Compiling module xil_defaultlib.neuron(layerNo=2,neuronNo=25,num...
Compiling module xil_defaultlib.Weight_Memory(numWeight=30,neuro...
Compiling module xil_defaultlib.neuron(layerNo=2,neuronNo=26,num...
Compiling module xil_defaultlib.Weight_Memory(numWeight=30,neuro...
Compiling module xil_defaultlib.neuron(layerNo=2,neuronNo=27,num...
Compiling module xil_defaultlib.Weight_Memory(numWeight=30,neuro...
Compiling module xil_defaultlib.neuron(layerNo=2,neuronNo=28,num...
Compiling module xil_defaultlib.Weight_Memory(numWeight=30,neuro...
Compiling module xil_defaultlib.neuron(layerNo=2,neuronNo=29,num...
Compiling module xil_defaultlib.Layer_2(numWeight=30,dataWidth=8...
Compiling module xil_defaultlib.Weight_Memory(numWeight=30,neuro...
Compiling module xil_defaultlib.neuron(layerNo=3,numWeight=30,da...
Compiling module xil_defaultlib.Weight_Memory(numWeight=30,neuro...
Compiling module xil_defaultlib.neuron(layerNo=3,neuronNo=1,numW...
Compiling module xil_defaultlib.Weight_Memory(numWeight=30,neuro...
Compiling module xil_defaultlib.neuron(layerNo=3,neuronNo=2,numW...
Compiling module xil_defaultlib.Weight_Memory(numWeight=30,neuro...
Compiling module xil_defaultlib.neuron(layerNo=3,neuronNo=3,numW...
Compiling module xil_defaultlib.Weight_Memory(numWeight=30,neuro...
Compiling module xil_defaultlib.neuron(layerNo=3,neuronNo=4,numW...
Compiling module xil_defaultlib.Weight_Memory(numWeight=30,layer...
Compiling module xil_defaultlib.neuron(layerNo=3,neuronNo=5,numW...
Compiling module xil_defaultlib.Weight_Memory(numWeight=30,neuro...
Compiling module xil_defaultlib.neuron(layerNo=3,neuronNo=6,numW...
Compiling module xil_defaultlib.Weight_Memory(numWeight=30,neuro...
Compiling module xil_defaultlib.neuron(layerNo=3,neuronNo=7,numW...
Compiling module xil_defaultlib.Weight_Memory(numWeight=30,neuro...
Compiling module xil_defaultlib.neuron(layerNo=3,neuronNo=8,numW...
Compiling module xil_defaultlib.Weight_Memory(numWeight=30,neuro...
Compiling module xil_defaultlib.neuron(layerNo=3,neuronNo=9,numW...
Compiling module xil_defaultlib.Layer_3(NN=10,numWeight=30,dataW...
Compiling module xil_defaultlib.Weight_Memory(numWeight=10,neuro...
Compiling module xil_defaultlib.neuron(layerNo=4,numWeight=10,da...
Compiling module xil_defaultlib.Weight_Memory(numWeight=10,neuro...
Compiling module xil_defaultlib.neuron(layerNo=4,neuronNo=1,numW...
Compiling module xil_defaultlib.Weight_Memory(numWeight=10,neuro...
Compiling module xil_defaultlib.neuron(layerNo=4,neuronNo=2,numW...
Compiling module xil_defaultlib.Weight_Memory(numWeight=10,neuro...
Compiling module xil_defaultlib.neuron(layerNo=4,neuronNo=3,numW...
Compiling module xil_defaultlib.Weight_Memory(numWeight=10,neuro...
Compiling module xil_defaultlib.neuron(layerNo=4,neuronNo=4,numW...
Compiling module xil_defaultlib.Weight_Memory(numWeight=10,layer...
Compiling module xil_defaultlib.neuron(layerNo=4,neuronNo=5,numW...
Compiling module xil_defaultlib.Weight_Memory(numWeight=10,neuro...
Compiling module xil_defaultlib.neuron(layerNo=4,neuronNo=6,numW...
Compiling module xil_defaultlib.Weight_Memory(numWeight=10,neuro...
Compiling module xil_defaultlib.neuron(layerNo=4,neuronNo=7,numW...
Compiling module xil_defaultlib.Weight_Memory(numWeight=10,neuro...
Compiling module xil_defaultlib.neuron(layerNo=4,neuronNo=8,numW...
Compiling module xil_defaultlib.Weight_Memory(numWeight=10,neuro...
Compiling module xil_defaultlib.neuron(layerNo=4,neuronNo=9,numW...
Compiling module xil_defaultlib.Layer_4(NN=10,numWeight=10,dataW...
Compiling module xil_defaultlib.maxFinder(inputWidth=8)
Compiling module xil_defaultlib.zyNet
Compiling module xil_defaultlib.top_sim
Compiling module xil_defaultlib.glbl
Built simulation snapshot top_sim_behav
