
Cadence Innovus(TM) Implementation System.
Copyright 2021 Cadence Design Systems, Inc. All rights reserved worldwide.

Version:	v21.15-s110_1, built Fri Sep 23 13:08:12 PDT 2022
Options:	
Date:		Tue Sep  3 14:00:47 2024
Host:		vlsilab01.nitdelhi.ac.in (x86_64 w/Linux 3.10.0-1160.el7.x86_64) (12cores*20cpus*12th Gen Intel(R) Core(TM) i7-12700 25600KB)
OS:		Red Hat Enterprise Linux Server release 7.9 (Maipo)

License:
		[14:00:47.496513] Configured Lic search path (21.01-s002): 5280@10.10.12.55

		invs	Innovus Implementation System	21.1	checkout succeeded
		8 CPU jobs allowed with the current license(s). Use setMultiCpuUsage to set your required CPU count.
Change the soft stacksize limit to 0.2%RAM (31 mbytes). Set global soft_stack_size_limit to change the value.

**INFO:  MMMC transition support version v31-84 

<CMD> set_global _enable_mmmc_by_default_flow      $CTE::mmmc_default
<CMD> suppressMessage ENCEXT-2799
<CMD> getVersion
[INFO] Loading PVS 22.20 fill procedures
<CMD> win
**WARN: (IMPOAX-793):	Problem in processing library definition file /home/vlsi_39/cds.lib - Unable to open library VS at path /home/vlsi_39/Desktop/VS: Invalid Lib Path..
**WARN: (IMPOAX-793):	Problem in processing library definition file /home/vlsi_39/cds.lib - Unable to open library Vn at path /home/vlsi_39/Desktop/Vn: Invalid Lib Path..
**WARN: (IMPOAX-793):	Problem in processing library definition file /home/vlsi_39/cds.lib - Unable to open library amita at path /home/vlsi_39/Desktop/amita: Invalid Lib Path..
**WARN: (IMPOAX-793):	Problem in processing library definition file /home/vlsi_39/cds.lib - Unable to open library amita1 at path /home/vlsi_39/Desktop/amita1: Invalid Lib Path..
**WARN: (IMPOAX-793):	Problem in processing library definition file /home/vlsi_39/cds.lib - Unable to open library am at path /home/vlsi_39/Desktop/am: Invalid Lib Path..
**WARN: (IMPOAX-793):	Problem in processing library definition file /home/vlsi_39/cds.lib - Unable to open library DanishVCO at path /home/vlsi_39/Desktop/DanishVCO: Invalid Lib Path..
**WARN: (IMPOAX-793):	Problem in processing library definition file /home/vlsi_39/cds.lib - Unable to open library Ankita_vco at path /home/vlsi_39/Desktop/Ankita_vco: Invalid Lib Path..
**WARN: (IMPOAX-793):	Problem in processing library definition file /home/vlsi_39/cds.lib - Unable to open library danish_diffamp at path /home/vlsi_39/Desktop/danish_diffamp: Invalid Lib Path..
**WARN: (IMPOAX-793):	Problem in processing library definition file /home/vlsi_39/cds.lib - Unable to open library a at path /home/vlsi_39/Desktop/a: Invalid Lib Path..
**WARN: (IMPOAX-793):	Problem in processing library definition file /home/vlsi_39/cds.lib - Unable to open library ra_exam at path /home/vlsi_39/Desktop/ra_exam: Invalid Lib Path..
<CMD> save_global Default.globals
<CMD> set init_gnd_net VSS
<CMD> set init_lef_file {../../../../../../install/FOUNDRY/digital/90nm/dig/lef/gsclib090_translated.lef ../../../../../../install/FOUNDRY/digital/90nm/dig/lef/gsclib090_translated_ref.lef}
<CMD> set init_verilog WA_32-net.v
<CMD> set init_mmmc_file Default.view
<CMD> set init_pwr_net VDD
<CMD> init_design
#% Begin Load MMMC data ... (date=09/03 14:02:32, mem=830.6M)

Usage: create_constraint_mode [-help]
                              [-ilm_sdc_files {file1.sdc file2.sdc ...}]
                              -name <modeName>
                              -sdc_files {file1.sdc file2.sdc ...}
                              [-tcl_vars {{var_name1 value1} {var_name2 value2} {var_name3 value3} ...}]

**ERROR: (IMPTCM-46):	Argument "-sdc_files" is required for command "create_constraint_mode", either this option is not specified or an option prior to it is not specified correctly.
<CMD> set init_gnd_net VSS
<CMD> set init_lef_file {../../../../../../install/FOUNDRY/digital/90nm/dig/lef/gsclib090_translated.lef ../../../../../../install/FOUNDRY/digital/90nm/dig/lef/gsclib090_translated_ref.lef}
<CMD> set init_verilog WA_32-net.v
<CMD> set init_mmmc_file Default.view
<CMD> set init_pwr_net VDD
<CMD> init_design
% Begin Load MMMC data ... (date=09/03 14:02:37, mem=830.7M)

Usage: create_constraint_mode [-help]
                              [-ilm_sdc_files {file1.sdc file2.sdc ...}]
                              -name <modeName>
                              -sdc_files {file1.sdc file2.sdc ...}
                              [-tcl_vars {{var_name1 value1} {var_name2 value2} {var_name3 value3} ...}]

**ERROR: (IMPTCM-46):	Argument "-sdc_files" is required for command "create_constraint_mode", either this option is not specified or an option prior to it is not specified correctly.
<CMD> save_global Default.globals
<CMD> set init_gnd_net VSS
<CMD> set init_lef_file {../../../../../../install/FOUNDRY/digital/90nm/dig/lef/gsclib090_translated.lef ../../../../../../install/FOUNDRY/digital/90nm/dig/lef/gsclib090_translated_ref.lef}
<CMD> set init_verilog WA_32-net.v
<CMD> set init_mmmc_file Default.view
<CMD> set init_pwr_net VDD
<CMD> init_design
% Begin Load MMMC data ... (date=09/03 14:03:11, mem=831.2M)
% End Load MMMC data ... (date=09/03 14:03:11, total cpu=0:00:00.0, real=0:00:00.0, peak res=831.6M, current mem=831.6M)

Loading LEF file ../../../../../../install/FOUNDRY/digital/90nm/dig/lef/gsclib090_translated.lef ...
**WARN: (IMPLF-105):	The layer 'Oxide' specified in SAMENET spacing
rule is neither a routing layer nor a cut layer. The rule is ignored.
**WARN: (IMPLF-105):	The layer 'Poly' specified in SAMENET spacing
rule is neither a routing layer nor a cut layer. The rule is ignored.
Set DBUPerIGU to M2 pitch 580.

Loading LEF file ../../../../../../install/FOUNDRY/digital/90nm/dig/lef/gsclib090_translated_ref.lef ...
**WARN: (IMPLF-119):	LAYER 'Oxide' has been found in the database. Its content except ANTENNA* data will be ignored.
Review the LEF files specified in the init_lef_file variable and remove redundant definitions.
Type 'man IMPLF-119' for more detail.
**WARN: (IMPLF-119):	LAYER 'Poly' has been found in the database. Its content except ANTENNA* data will be ignored.
Review the LEF files specified in the init_lef_file variable and remove redundant definitions.
Type 'man IMPLF-119' for more detail.
**WARN: (IMPLF-119):	LAYER 'Nhvt' has been found in the database. Its content except ANTENNA* data will be ignored.
Review the LEF files specified in the init_lef_file variable and remove redundant definitions.
Type 'man IMPLF-119' for more detail.
**WARN: (IMPLF-119):	LAYER 'Nimp' has been found in the database. Its content except ANTENNA* data will be ignored.
Review the LEF files specified in the init_lef_file variable and remove redundant definitions.
Type 'man IMPLF-119' for more detail.
**WARN: (IMPLF-119):	LAYER 'Phvt' has been found in the database. Its content except ANTENNA* data will be ignored.
Review the LEF files specified in the init_lef_file variable and remove redundant definitions.
Type 'man IMPLF-119' for more detail.
**WARN: (IMPLF-119):	LAYER 'Pimp' has been found in the database. Its content except ANTENNA* data will be ignored.
Review the LEF files specified in the init_lef_file variable and remove redundant definitions.
Type 'man IMPLF-119' for more detail.
**WARN: (IMPLF-119):	LAYER 'Nzvt' has been found in the database. Its content except ANTENNA* data will be ignored.
Review the LEF files specified in the init_lef_file variable and remove redundant definitions.
Type 'man IMPLF-119' for more detail.
**WARN: (IMPLF-119):	LAYER 'SiProt' has been found in the database. Its content except ANTENNA* data will be ignored.
Review the LEF files specified in the init_lef_file variable and remove redundant definitions.
Type 'man IMPLF-119' for more detail.
**WARN: (IMPLF-119):	LAYER 'Cont' has been found in the database. Its content except ANTENNA* data will be ignored.
Review the LEF files specified in the init_lef_file variable and remove redundant definitions.
Type 'man IMPLF-119' for more detail.
**WARN: (IMPLF-119):	LAYER 'Metal1' has been found in the database. Its content except ANTENNA* data will be ignored.
Review the LEF files specified in the init_lef_file variable and remove redundant definitions.
Type 'man IMPLF-119' for more detail.
**WARN: (IMPLF-119):	LAYER 'Via1' has been found in the database. Its content except ANTENNA* data will be ignored.
Review the LEF files specified in the init_lef_file variable and remove redundant definitions.
Type 'man IMPLF-119' for more detail.
**WARN: (IMPLF-119):	LAYER 'Metal2' has been found in the database. Its content except ANTENNA* data will be ignored.
Review the LEF files specified in the init_lef_file variable and remove redundant definitions.
Type 'man IMPLF-119' for more detail.
**WARN: (IMPLF-119):	LAYER 'Via2' has been found in the database. Its content except ANTENNA* data will be ignored.
Review the LEF files specified in the init_lef_file variable and remove redundant definitions.
Type 'man IMPLF-119' for more detail.
**WARN: (IMPLF-119):	LAYER 'Metal3' has been found in the database. Its content except ANTENNA* data will be ignored.
Review the LEF files specified in the init_lef_file variable and remove redundant definitions.
Type 'man IMPLF-119' for more detail.
**WARN: (IMPLF-119):	LAYER 'Via3' has been found in the database. Its content except ANTENNA* data will be ignored.
Review the LEF files specified in the init_lef_file variable and remove redundant definitions.
Type 'man IMPLF-119' for more detail.
**WARN: (IMPLF-119):	LAYER 'Metal4' has been found in the database. Its content except ANTENNA* data will be ignored.
Review the LEF files specified in the init_lef_file variable and remove redundant definitions.
Type 'man IMPLF-119' for more detail.
**WARN: (IMPLF-119):	LAYER 'Via4' has been found in the database. Its content except ANTENNA* data will be ignored.
Review the LEF files specified in the init_lef_file variable and remove redundant definitions.
Type 'man IMPLF-119' for more detail.
**WARN: (IMPLF-119):	LAYER 'Metal5' has been found in the database. Its content except ANTENNA* data will be ignored.
Review the LEF files specified in the init_lef_file variable and remove redundant definitions.
Type 'man IMPLF-119' for more detail.
**WARN: (IMPLF-119):	LAYER 'Via5' has been found in the database. Its content except ANTENNA* data will be ignored.
Review the LEF files specified in the init_lef_file variable and remove redundant definitions.
Type 'man IMPLF-119' for more detail.
**WARN: (IMPLF-119):	LAYER 'Metal6' has been found in the database. Its content except ANTENNA* data will be ignored.
Review the LEF files specified in the init_lef_file variable and remove redundant definitions.
Type 'man IMPLF-119' for more detail.
**WARN: (EMS-27):	Message (IMPLF-119) has exceeded the current message display limit of 20.
To increase the message display limit, refer to the product command reference manual.
**ERROR: (IMPLF-223):	The LEF via 'VIA1X' definition already exists in the database. The current definition will be ignored. Ensure that you have not specified duplicate LEF files or LEF files with duplicate via definition.
Type 'man IMPLF-223' for more detail.
**ERROR: (IMPLF-223):	The LEF via 'VIA1V' definition already exists in the database. The current definition will be ignored. Ensure that you have not specified duplicate LEF files or LEF files with duplicate via definition.
Type 'man IMPLF-223' for more detail.
**ERROR: (IMPLF-223):	The LEF via 'VIA1H' definition already exists in the database. The current definition will be ignored. Ensure that you have not specified duplicate LEF files or LEF files with duplicate via definition.
Type 'man IMPLF-223' for more detail.
**ERROR: (IMPLF-223):	The LEF via 'VIA1XR90' definition already exists in the database. The current definition will be ignored. Ensure that you have not specified duplicate LEF files or LEF files with duplicate via definition.
Type 'man IMPLF-223' for more detail.
**ERROR: (IMPLF-223):	The LEF via 'VIA1_2CUT_E' definition already exists in the database. The current definition will be ignored. Ensure that you have not specified duplicate LEF files or LEF files with duplicate via definition.
Type 'man IMPLF-223' for more detail.
**ERROR: (IMPLF-223):	The LEF via 'VIA1_2CUT_W' definition already exists in the database. The current definition will be ignored. Ensure that you have not specified duplicate LEF files or LEF files with duplicate via definition.
Type 'man IMPLF-223' for more detail.
**ERROR: (IMPLF-223):	The LEF via 'VIA1_2CUT_N' definition already exists in the database. The current definition will be ignored. Ensure that you have not specified duplicate LEF files or LEF files with duplicate via definition.
Type 'man IMPLF-223' for more detail.
**ERROR: (IMPLF-223):	The LEF via 'VIA1_2CUT_S' definition already exists in the database. The current definition will be ignored. Ensure that you have not specified duplicate LEF files or LEF files with duplicate via definition.
Type 'man IMPLF-223' for more detail.
**ERROR: (IMPLF-223):	The LEF via 'VIA1_2X2CUT' definition already exists in the database. The current definition will be ignored. Ensure that you have not specified duplicate LEF files or LEF files with duplicate via definition.
Type 'man IMPLF-223' for more detail.
**ERROR: (IMPLF-223):	The LEF via 'VIA2X' definition already exists in the database. The current definition will be ignored. Ensure that you have not specified duplicate LEF files or LEF files with duplicate via definition.
Type 'man IMPLF-223' for more detail.
**ERROR: (IMPLF-223):	The LEF via 'VIA2H' definition already exists in the database. The current definition will be ignored. Ensure that you have not specified duplicate LEF files or LEF files with duplicate via definition.
Type 'man IMPLF-223' for more detail.
**ERROR: (IMPLF-223):	The LEF via 'VIA2V' definition already exists in the database. The current definition will be ignored. Ensure that you have not specified duplicate LEF files or LEF files with duplicate via definition.
Type 'man IMPLF-223' for more detail.
**ERROR: (IMPLF-223):	The LEF via 'VIA2XR90' definition already exists in the database. The current definition will be ignored. Ensure that you have not specified duplicate LEF files or LEF files with duplicate via definition.
Type 'man IMPLF-223' for more detail.
**ERROR: (IMPLF-223):	The LEF via 'VIA2TOS' definition already exists in the database. The current definition will be ignored. Ensure that you have not specified duplicate LEF files or LEF files with duplicate via definition.
Type 'man IMPLF-223' for more detail.
**ERROR: (IMPLF-223):	The LEF via 'VIA2TOS_S' definition already exists in the database. The current definition will be ignored. Ensure that you have not specified duplicate LEF files or LEF files with duplicate via definition.
Type 'man IMPLF-223' for more detail.
**ERROR: (IMPLF-223):	The LEF via 'VIA2TOS_N' definition already exists in the database. The current definition will be ignored. Ensure that you have not specified duplicate LEF files or LEF files with duplicate via definition.
Type 'man IMPLF-223' for more detail.
**ERROR: (IMPLF-223):	The LEF via 'VIA2_2CUT_N' definition already exists in the database. The current definition will be ignored. Ensure that you have not specified duplicate LEF files or LEF files with duplicate via definition.
Type 'man IMPLF-223' for more detail.
**ERROR: (IMPLF-223):	The LEF via 'VIA2_2CUT_S' definition already exists in the database. The current definition will be ignored. Ensure that you have not specified duplicate LEF files or LEF files with duplicate via definition.
Type 'man IMPLF-223' for more detail.
**ERROR: (IMPLF-223):	The LEF via 'VIA2_2CUT_E' definition already exists in the database. The current definition will be ignored. Ensure that you have not specified duplicate LEF files or LEF files with duplicate via definition.
Type 'man IMPLF-223' for more detail.
**ERROR: (IMPLF-223):	The LEF via 'VIA2_2CUT_W' definition already exists in the database. The current definition will be ignored. Ensure that you have not specified duplicate LEF files or LEF files with duplicate via definition.
Type 'man IMPLF-223' for more detail.
**WARN: (EMS-27):	Message (IMPLF-223) has exceeded the current message display limit of 20.
To increase the message display limit, refer to the product command reference manual.
**WARN: (IMPLF-151):	The viaRule 'VIA1ARRAY' has been defined, the content will be skipped.
**WARN: (IMPLF-151):	The viaRule 'VIA2ARRAY' has been defined, the content will be skipped.
**WARN: (IMPLF-151):	The viaRule 'VIA3ARRAY' has been defined, the content will be skipped.
**WARN: (IMPLF-151):	The viaRule 'VIA4ARRAY' has been defined, the content will be skipped.
**WARN: (IMPLF-151):	The viaRule 'VIA5ARRAY' has been defined, the content will be skipped.
**WARN: (IMPLF-151):	The viaRule 'VIA6ARRAY' has been defined, the content will be skipped.
**WARN: (IMPLF-151):	The viaRule 'VIA7ARRAY' has been defined, the content will be skipped.
**WARN: (IMPLF-151):	The viaRule 'VIA8ARRAY' has been defined, the content will be skipped.
**WARN: (IMPLF-151):	The viaRule 'M9_M8v' has been defined, the content will be skipped.
**WARN: (IMPLF-151):	The viaRule 'M8_M7v' has been defined, the content will be skipped.
**WARN: (IMPLF-151):	The viaRule 'M7_M6v' has been defined, the content will be skipped.
**WARN: (IMPLF-151):	The viaRule 'M6_M5v' has been defined, the content will be skipped.
**WARN: (IMPLF-151):	The viaRule 'M5_M4v' has been defined, the content will be skipped.
**WARN: (IMPLF-151):	The viaRule 'M4_M3v' has been defined, the content will be skipped.
**WARN: (IMPLF-151):	The viaRule 'M3_M2v' has been defined, the content will be skipped.
**WARN: (IMPLF-151):	The viaRule 'M2_M1v' has been defined, the content will be skipped.
**WARN: (IMPLF-151):	The viaRule 'M1_POv' has been defined, the content will be skipped.
**WARN: (IMPLF-151):	The viaRule 'M1_DIFF' has been defined, the content will be skipped.
**WARN: (IMPLF-151):	The viaRule 'M1_PSUB' has been defined, the content will be skipped.
**WARN: (IMPLF-151):	The viaRule 'M1_PIMP' has been defined, the content will be skipped.
**WARN: (EMS-27):	Message (IMPLF-151) has exceeded the current message display limit of 20.
To increase the message display limit, refer to the product command reference manual.
**WARN: (IMPLF-105):	The layer 'Oxide' specified in SAMENET spacing
rule is neither a routing layer nor a cut layer. The rule is ignored.
**WARN: (IMPLF-105):	The layer 'Poly' specified in SAMENET spacing
rule is neither a routing layer nor a cut layer. The rule is ignored.
**WARN: (IMPLF-58):	MACRO 'OAI2BB1X4' has been found in the database. Its content except DENSITY and PIN ANTENNA* data, and certain properties, will be ignored.
Review the LEF files specified in the init_lef_file variable and remove redundant definitions.
Type 'man IMPLF-58' for more detail.
**WARN: (IMPLF-58):	MACRO 'OA22X2' has been found in the database. Its content except DENSITY and PIN ANTENNA* data, and certain properties, will be ignored.
Review the LEF files specified in the init_lef_file variable and remove redundant definitions.
Type 'man IMPLF-58' for more detail.
**WARN: (IMPLF-58):	MACRO 'NAND3X8' has been found in the database. Its content except DENSITY and PIN ANTENNA* data, and certain properties, will be ignored.
Review the LEF files specified in the init_lef_file variable and remove redundant definitions.
Type 'man IMPLF-58' for more detail.
**WARN: (IMPLF-58):	MACRO 'SDFFRX4' has been found in the database. Its content except DENSITY and PIN ANTENNA* data, and certain properties, will be ignored.
Review the LEF files specified in the init_lef_file variable and remove redundant definitions.
Type 'man IMPLF-58' for more detail.
**WARN: (IMPLF-58):	MACRO 'TLATSRX1' has been found in the database. Its content except DENSITY and PIN ANTENNA* data, and certain properties, will be ignored.
Review the LEF files specified in the init_lef_file variable and remove redundant definitions.
Type 'man IMPLF-58' for more detail.
**WARN: (IMPLF-58):	MACRO 'OAI2BB1X1' has been found in the database. Its content except DENSITY and PIN ANTENNA* data, and certain properties, will be ignored.
Review the LEF files specified in the init_lef_file variable and remove redundant definitions.
Type 'man IMPLF-58' for more detail.
**WARN: (IMPLF-58):	MACRO 'DLY4X1' has been found in the database. Its content except DENSITY and PIN ANTENNA* data, and certain properties, will be ignored.
Review the LEF files specified in the init_lef_file variable and remove redundant definitions.
Type 'man IMPLF-58' for more detail.
**WARN: (IMPLF-58):	MACRO 'ADDFX4' has been found in the database. Its content except DENSITY and PIN ANTENNA* data, and certain properties, will be ignored.
Review the LEF files specified in the init_lef_file variable and remove redundant definitions.
Type 'man IMPLF-58' for more detail.
**WARN: (IMPLF-58):	MACRO 'CLKAND2X12' has been found in the database. Its content except DENSITY and PIN ANTENNA* data, and certain properties, will be ignored.
Review the LEF files specified in the init_lef_file variable and remove redundant definitions.
Type 'man IMPLF-58' for more detail.
**WARN: (IMPLF-58):	MACRO 'MXI3XL' has been found in the database. Its content except DENSITY and PIN ANTENNA* data, and certain properties, will be ignored.
Review the LEF files specified in the init_lef_file variable and remove redundant definitions.
Type 'man IMPLF-58' for more detail.
**WARN: (IMPLF-58):	MACRO 'NAND3X6' has been found in the database. Its content except DENSITY and PIN ANTENNA* data, and certain properties, will be ignored.
Review the LEF files specified in the init_lef_file variable and remove redundant definitions.
Type 'man IMPLF-58' for more detail.
**WARN: (IMPLF-58):	MACRO 'SDFFRX2' has been found in the database. Its content except DENSITY and PIN ANTENNA* data, and certain properties, will be ignored.
Review the LEF files specified in the init_lef_file variable and remove redundant definitions.
Type 'man IMPLF-58' for more detail.
**WARN: (IMPLF-58):	MACRO 'MX3X1' has been found in the database. Its content except DENSITY and PIN ANTENNA* data, and certain properties, will be ignored.
Review the LEF files specified in the init_lef_file variable and remove redundant definitions.
Type 'man IMPLF-58' for more detail.
**WARN: (IMPLF-58):	MACRO 'SDFFSRHQX1' has been found in the database. Its content except DENSITY and PIN ANTENNA* data, and certain properties, will be ignored.
Review the LEF files specified in the init_lef_file variable and remove redundant definitions.
Type 'man IMPLF-58' for more detail.
**WARN: (IMPLF-58):	MACRO 'OAI33XL' has been found in the database. Its content except DENSITY and PIN ANTENNA* data, and certain properties, will be ignored.
Review the LEF files specified in the init_lef_file variable and remove redundant definitions.
Type 'man IMPLF-58' for more detail.
**WARN: (IMPLF-58):	MACRO 'TLATSRX4' has been found in the database. Its content except DENSITY and PIN ANTENNA* data, and certain properties, will be ignored.
Review the LEF files specified in the init_lef_file variable and remove redundant definitions.
Type 'man IMPLF-58' for more detail.
**WARN: (IMPLF-58):	MACRO 'DFFHQX4' has been found in the database. Its content except DENSITY and PIN ANTENNA* data, and certain properties, will be ignored.
Review the LEF files specified in the init_lef_file variable and remove redundant definitions.
Type 'man IMPLF-58' for more detail.
**WARN: (IMPLF-58):	MACRO 'AOI221X2' has been found in the database. Its content except DENSITY and PIN ANTENNA* data, and certain properties, will be ignored.
Review the LEF files specified in the init_lef_file variable and remove redundant definitions.
Type 'man IMPLF-58' for more detail.
**WARN: (IMPLF-58):	MACRO 'ADDFX2' has been found in the database. Its content except DENSITY and PIN ANTENNA* data, and certain properties, will be ignored.
Review the LEF files specified in the init_lef_file variable and remove redundant definitions.
Type 'man IMPLF-58' for more detail.
**WARN: (IMPLF-58):	MACRO 'AOI22XL' has been found in the database. Its content except DENSITY and PIN ANTENNA* data, and certain properties, will be ignored.
Review the LEF files specified in the init_lef_file variable and remove redundant definitions.
Type 'man IMPLF-58' for more detail.
**WARN: (EMS-27):	Message (IMPLF-58) has exceeded the current message display limit of 20.
To increase the message display limit, refer to the product command reference manual.
**WARN: (IMPLF-61):	487 duplicated MACRO definitions have been found in the LEF file(s). Their content except DENSITY and PIN ANTENNA* data, and certain properties, have been ignored.
Review the LEF files specified in the init_lef_file variable and remove redundant definitions.
Type 'man IMPLF-61' for more detail.
**WARN: (IMPLF-200):	Pin 'A' in macro 'ANTENNA' has no ANTENNAGATEAREA value defined. The library data is incomplete and some process antenna rules will not be checked correctly.
Type 'man IMPLF-200' for more detail.

##  Check design process and node:  
##  Both design process and tech node are not set.

Loading view definition file from Default.view
Reading max_timing timing library '/home/install/FOUNDRY/digital/90nm/dig/lib/slow.lib' ...
Read 479 cells in library 'slow' 
Reading min_timing timing library '/home/install/FOUNDRY/digital/90nm/dig/lib/fast.lib' ...
Read 479 cells in library 'fast' 
*** End library_loading (cpu=0.01min, real=0.02min, mem=12.0M, fe_cpu=0.41min, fe_real=2.42min, fe_mem=1036.7M) ***
% Begin Load netlist data ... (date=09/03 14:03:12, mem=850.1M)
*** Begin netlist parsing (mem=1036.7M) ***
**WARN: (IMPVL-159):	Pin 'VDD' of cell 'XOR3XL' is defined in LEF but not in the timing library.
Type 'man IMPVL-159' for more detail.
**WARN: (IMPVL-159):	Pin 'VSS' of cell 'XOR3XL' is defined in LEF but not in the timing library.
Type 'man IMPVL-159' for more detail.
**WARN: (IMPVL-159):	Pin 'VDD' of cell 'XOR3X1' is defined in LEF but not in the timing library.
Type 'man IMPVL-159' for more detail.
**WARN: (IMPVL-159):	Pin 'VSS' of cell 'XOR3X1' is defined in LEF but not in the timing library.
Type 'man IMPVL-159' for more detail.
**WARN: (IMPVL-159):	Pin 'VSS' of cell 'XOR2XL' is defined in LEF but not in the timing library.
Type 'man IMPVL-159' for more detail.
**WARN: (IMPVL-159):	Pin 'VDD' of cell 'XOR2XL' is defined in LEF but not in the timing library.
Type 'man IMPVL-159' for more detail.
**WARN: (IMPVL-159):	Pin 'VSS' of cell 'XOR2X4' is defined in LEF but not in the timing library.
Type 'man IMPVL-159' for more detail.
**WARN: (IMPVL-159):	Pin 'VDD' of cell 'XOR2X4' is defined in LEF but not in the timing library.
Type 'man IMPVL-159' for more detail.
**WARN: (IMPVL-159):	Pin 'VSS' of cell 'XOR2X2' is defined in LEF but not in the timing library.
Type 'man IMPVL-159' for more detail.
**WARN: (IMPVL-159):	Pin 'VDD' of cell 'XOR2X2' is defined in LEF but not in the timing library.
Type 'man IMPVL-159' for more detail.
**WARN: (IMPVL-159):	Pin 'VSS' of cell 'XOR2X1' is defined in LEF but not in the timing library.
Type 'man IMPVL-159' for more detail.
**WARN: (IMPVL-159):	Pin 'VDD' of cell 'XOR2X1' is defined in LEF but not in the timing library.
Type 'man IMPVL-159' for more detail.
**WARN: (IMPVL-159):	Pin 'VSS' of cell 'XNOR3XL' is defined in LEF but not in the timing library.
Type 'man IMPVL-159' for more detail.
**WARN: (IMPVL-159):	Pin 'VDD' of cell 'XNOR3XL' is defined in LEF but not in the timing library.
Type 'man IMPVL-159' for more detail.
**WARN: (IMPVL-159):	Pin 'VDD' of cell 'XNOR3X1' is defined in LEF but not in the timing library.
Type 'man IMPVL-159' for more detail.
**WARN: (IMPVL-159):	Pin 'VSS' of cell 'XNOR3X1' is defined in LEF but not in the timing library.
Type 'man IMPVL-159' for more detail.
**WARN: (IMPVL-159):	Pin 'VSS' of cell 'XNOR2XL' is defined in LEF but not in the timing library.
Type 'man IMPVL-159' for more detail.
**WARN: (IMPVL-159):	Pin 'VDD' of cell 'XNOR2XL' is defined in LEF but not in the timing library.
Type 'man IMPVL-159' for more detail.
**WARN: (IMPVL-159):	Pin 'VSS' of cell 'XNOR2X4' is defined in LEF but not in the timing library.
Type 'man IMPVL-159' for more detail.
**WARN: (IMPVL-159):	Pin 'VDD' of cell 'XNOR2X4' is defined in LEF but not in the timing library.
Type 'man IMPVL-159' for more detail.
**WARN: (EMS-27):	Message (IMPVL-159) has exceeded the current message display limit of 20.
To increase the message display limit, refer to the product command reference manual.
Created 479 new cells from 2 timing libraries.
Reading netlist ...
Backslashed names will retain backslash and a trailing blank character.
Reading verilog netlist 'WA_32-net.v'

*** Memory Usage v#1 (Current mem = 1037.680M, initial mem = 476.031M) ***
*** End netlist parsing (cpu=0:00:00.0, real=0:00:00.0, mem=1037.7M) ***
% End Load netlist data ... (date=09/03 14:03:12, total cpu=0:00:00.0, real=0:00:00.0, peak res=859.7M, current mem=859.7M)
Top level cell is WA_32.
Hooked 958 DB cells to tlib cells.
Starting recursive module instantiation check.
No recursion found.
Building hierarchical netlist for Cell WA_32 ...
*** Netlist is unique.
** info: there are 967 modules.
** info: there are 4652 stdCell insts.

*** Memory Usage v#1 (Current mem = 1094.105M, initial mem = 476.031M) ***
**WARN: (IMPFP-3961):	The techSite 'pad' has no related standard cells in the LEF/OA library. The calculations for this site type cannot be made unless standard cell models of this type exist in the LEF/OA library. Ignore this warning if the SITE is not used by the library. Alternatively, remove the SITE definition for the LEF/OA library to avoid this message.
Type 'man IMPFP-3961' for more detail.
**WARN: (IMPFP-3961):	The techSite 'corner' has no related standard cells in the LEF/OA library. The calculations for this site type cannot be made unless standard cell models of this type exist in the LEF/OA library. Ignore this warning if the SITE is not used by the library. Alternatively, remove the SITE definition for the LEF/OA library to avoid this message.
Type 'man IMPFP-3961' for more detail.
Horizontal Layer M1 offset = 290 (derived)
Vertical Layer M2 offset = 290 (derived)
Start create_tracks
Generated pitch 0.29 in Metal8 is different from 0.87 defined in technology file in unpreferred direction.
Extraction setup Started 
Initializing multi-corner RC extraction with 1 active RC Corners ...
**WARN: (IMPEXT-2773):	The via resistance between layers M0 and M1 could not be determined from the LEF technology file because the via resistance specification is missing. A default of 4 Ohms will be used as via resistance between these layers.
Type 'man IMPEXT-2773' for more detail.
**WARN: (IMPEXT-2776):	The via resistance between layers M1 and M2 is not defined in the capacitance table file. The via resistance of 1.4 Ohms defined in the LEF technology file will be used as via resistance between these layers.
Type 'man IMPEXT-2776' for more detail.
**WARN: (IMPEXT-2776):	The via resistance between layers M2 and M3 is not defined in the capacitance table file. The via resistance of 1.4 Ohms defined in the LEF technology file will be used as via resistance between these layers.
Type 'man IMPEXT-2776' for more detail.
**WARN: (IMPEXT-2776):	The via resistance between layers M3 and M4 is not defined in the capacitance table file. The via resistance of 1.4 Ohms defined in the LEF technology file will be used as via resistance between these layers.
Type 'man IMPEXT-2776' for more detail.
**WARN: (IMPEXT-2776):	The via resistance between layers M4 and M5 is not defined in the capacitance table file. The via resistance of 1.4 Ohms defined in the LEF technology file will be used as via resistance between these layers.
Type 'man IMPEXT-2776' for more detail.
**WARN: (IMPEXT-2776):	The via resistance between layers M5 and M6 is not defined in the capacitance table file. The via resistance of 1.4 Ohms defined in the LEF technology file will be used as via resistance between these layers.
Type 'man IMPEXT-2776' for more detail.
**WARN: (IMPEXT-2776):	The via resistance between layers M6 and M7 is not defined in the capacitance table file. The via resistance of 1.4 Ohms defined in the LEF technology file will be used as via resistance between these layers.
Type 'man IMPEXT-2776' for more detail.
**WARN: (IMPEXT-2776):	The via resistance between layers M7 and M8 is not defined in the capacitance table file. The via resistance of 0.35 Ohms defined in the LEF technology file will be used as via resistance between these layers.
Type 'man IMPEXT-2776' for more detail.
**WARN: (IMPEXT-2776):	The via resistance between layers M8 and M9 is not defined in the capacitance table file. The via resistance of 0.35 Ohms defined in the LEF technology file will be used as via resistance between these layers.
Type 'man IMPEXT-2776' for more detail.
**WARN: (IMPEXT-2766):	The sheet resistance for layer M1 is not defined in the cap table. Therefore, the LEF value 0.08 will be used instead. To avoid this message, update the relevant cap table to include the sheet resistance for the specified layer and read it back in.
**WARN: (IMPEXT-2766):	The sheet resistance for layer M2 is not defined in the cap table. Therefore, the LEF value 0.06 will be used instead. To avoid this message, update the relevant cap table to include the sheet resistance for the specified layer and read it back in.
**WARN: (IMPEXT-2766):	The sheet resistance for layer M3 is not defined in the cap table. Therefore, the LEF value 0.06 will be used instead. To avoid this message, update the relevant cap table to include the sheet resistance for the specified layer and read it back in.
**WARN: (IMPEXT-2766):	The sheet resistance for layer M4 is not defined in the cap table. Therefore, the LEF value 0.06 will be used instead. To avoid this message, update the relevant cap table to include the sheet resistance for the specified layer and read it back in.
**WARN: (IMPEXT-2766):	The sheet resistance for layer M5 is not defined in the cap table. Therefore, the LEF value 0.06 will be used instead. To avoid this message, update the relevant cap table to include the sheet resistance for the specified layer and read it back in.
**WARN: (IMPEXT-2766):	The sheet resistance for layer M6 is not defined in the cap table. Therefore, the LEF value 0.06 will be used instead. To avoid this message, update the relevant cap table to include the sheet resistance for the specified layer and read it back in.
**WARN: (IMPEXT-2766):	The sheet resistance for layer M7 is not defined in the cap table. Therefore, the LEF value 0.06 will be used instead. To avoid this message, update the relevant cap table to include the sheet resistance for the specified layer and read it back in.
**WARN: (IMPEXT-2766):	The sheet resistance for layer M8 is not defined in the cap table. Therefore, the LEF value 0.02 will be used instead. To avoid this message, update the relevant cap table to include the sheet resistance for the specified layer and read it back in.
**WARN: (IMPEXT-2766):	The sheet resistance for layer M9 is not defined in the cap table. Therefore, the LEF value 0.02 will be used instead. To avoid this message, update the relevant cap table to include the sheet resistance for the specified layer and read it back in.
Summary of Active RC-Corners : 
 
 Analysis View: setup
    RC-Corner Name        : default_rc_corner
    RC-Corner Index       : 0
    RC-Corner Temperature : 25 Celsius
    RC-Corner Cap Table   : ''
    RC-Corner PreRoute Res Factor         : 1
    RC-Corner PreRoute Cap Factor         : 1
    RC-Corner PostRoute Res Factor        : 1 {1 1 1}
    RC-Corner PostRoute Cap Factor        : 1 {1 1 1}
    RC-Corner PostRoute XCap Factor       : 1 {1 1 1}
    RC-Corner PreRoute Clock Res Factor   : 1	[Derived from Cap Table]
    RC-Corner PreRoute Clock Cap Factor   : 1	[Derived from Cap Table]
    RC-Corner PostRoute Clock Cap Factor  : 1 {1 1 1} 	[Derived from postRoute_cap (effortLevel low)]
    RC-Corner PostRoute Clock Res Factor  : 1 {1 1 1} 	[Derived from postRoute_res (effortLevel low)]
    RC-Corner PostRoute Clock coupling capacitance Factor : 1 {1 1 1} 
 
 Analysis View: hold
    RC-Corner Name        : default_rc_corner
    RC-Corner Index       : 0
    RC-Corner Temperature : 25 Celsius
    RC-Corner Cap Table   : ''
    RC-Corner PreRoute Res Factor         : 1
    RC-Corner PreRoute Cap Factor         : 1
    RC-Corner PostRoute Res Factor        : 1 {1 1 1}
    RC-Corner PostRoute Cap Factor        : 1 {1 1 1}
    RC-Corner PostRoute XCap Factor       : 1 {1 1 1}
    RC-Corner PreRoute Clock Res Factor   : 1	[Derived from Cap Table]
    RC-Corner PreRoute Clock Cap Factor   : 1	[Derived from Cap Table]
    RC-Corner PostRoute Clock Cap Factor  : 1 {1 1 1} 	[Derived from postRoute_cap (effortLevel low)]
    RC-Corner PostRoute Clock Res Factor  : 1 {1 1 1} 	[Derived from postRoute_res (effortLevel low)]
    RC-Corner PostRoute Clock coupling capacitance Factor : 1 {1 1 1} 
Updating RC grid for preRoute extraction ...
Initializing multi-corner resistance tables ...
*Info: initialize multi-corner CTS.
Reading timing constraints file 'WA_32-sdc.sdc' ...
Current (total cpu=0:00:25.3, real=0:02:25, peak res=1147.3M, current mem=1147.3M)
**WARN: (TCLCMD-1461):	Skipped unsupported command: set_units (File WA_32-sdc.sdc, Line 9).

**WARN: (TCLCMD-1461):	Skipped unsupported command: set_units (File WA_32-sdc.sdc, Line 10).

WA_32
**WARN: (TCLCMD-1535):	set_input_delay command specified without '-clock' option. (File WA_32-sdc.sdc, Line 81).

**WARN: (TCLCMD-1535):	set_input_delay command specified without '-clock' option. (File WA_32-sdc.sdc, Line 82).

**WARN: (TCLCMD-1535):	set_input_delay command specified without '-clock' option. (File WA_32-sdc.sdc, Line 83).

**WARN: (TCLCMD-1535):	set_input_delay command specified without '-clock' option. (File WA_32-sdc.sdc, Line 84).

**WARN: (TCLCMD-1535):	set_input_delay command specified without '-clock' option. (File WA_32-sdc.sdc, Line 85).

**WARN: (TCLCMD-1535):	set_input_delay command specified without '-clock' option. (File WA_32-sdc.sdc, Line 86).

**WARN: (TCLCMD-1535):	set_input_delay command specified without '-clock' option. (File WA_32-sdc.sdc, Line 87).

**WARN: (TCLCMD-1535):	set_input_delay command specified without '-clock' option. (File WA_32-sdc.sdc, Line 88).

**WARN: (TCLCMD-1535):	set_input_delay command specified without '-clock' option. (File WA_32-sdc.sdc, Line 89).

**WARN: (TCLCMD-1535):	set_input_delay command specified without '-clock' option. (File WA_32-sdc.sdc, Line 90).

**WARN: (TCLCMD-1535):	set_input_delay command specified without '-clock' option. (File WA_32-sdc.sdc, Line 91).

**WARN: (TCLCMD-1535):	set_input_delay command specified without '-clock' option. (File WA_32-sdc.sdc, Line 92).

**WARN: (TCLCMD-1535):	set_input_delay command specified without '-clock' option. (File WA_32-sdc.sdc, Line 93).

**WARN: (TCLCMD-1535):	set_input_delay command specified without '-clock' option. (File WA_32-sdc.sdc, Line 94).

**WARN: (TCLCMD-1535):	set_input_delay command specified without '-clock' option. (File WA_32-sdc.sdc, Line 95).

**WARN: (TCLCMD-1535):	set_input_delay command specified without '-clock' option. (File WA_32-sdc.sdc, Line 96).

**WARN: (TCLCMD-1535):	set_input_delay command specified without '-clock' option. (File WA_32-sdc.sdc, Line 97).

**WARN: (TCLCMD-1535):	set_input_delay command specified without '-clock' option. (File WA_32-sdc.sdc, Line 98).

**WARN: (TCLCMD-1535):	set_input_delay command specified without '-clock' option. (File WA_32-sdc.sdc, Line 99).

**WARN: (TCLCMD-1535):	set_input_delay command specified without '-clock' option. (File WA_32-sdc.sdc, Line 100).

Message <TCLCMD-1535> has exceeded the message display limit of '20'. Use 'set_message -no_limit -id list_of_msgIDs' to reset the message limit. (File WA_32-sdc.sdc, Line 101).

**WARN: (TCLCMD-1178):	set_output_delay command specified without '-clock' option. Command will be ignored for timing analysis. (File WA_32-sdc.sdc, Line 145).

**WARN: (TCLCMD-1178):	set_output_delay command specified without '-clock' option. Command will be ignored for timing analysis. (File WA_32-sdc.sdc, Line 146).

**WARN: (TCLCMD-1178):	set_output_delay command specified without '-clock' option. Command will be ignored for timing analysis. (File WA_32-sdc.sdc, Line 147).

**WARN: (TCLCMD-1178):	set_output_delay command specified without '-clock' option. Command will be ignored for timing analysis. (File WA_32-sdc.sdc, Line 148).

**WARN: (TCLCMD-1178):	set_output_delay command specified without '-clock' option. Command will be ignored for timing analysis. (File WA_32-sdc.sdc, Line 149).

**WARN: (TCLCMD-1178):	set_output_delay command specified without '-clock' option. Command will be ignored for timing analysis. (File WA_32-sdc.sdc, Line 150).

**WARN: (TCLCMD-1178):	set_output_delay command specified without '-clock' option. Command will be ignored for timing analysis. (File WA_32-sdc.sdc, Line 151).

**WARN: (TCLCMD-1178):	set_output_delay command specified without '-clock' option. Command will be ignored for timing analysis. (File WA_32-sdc.sdc, Line 152).

**WARN: (TCLCMD-1178):	set_output_delay command specified without '-clock' option. Command will be ignored for timing analysis. (File WA_32-sdc.sdc, Line 153).

**WARN: (TCLCMD-1178):	set_output_delay command specified without '-clock' option. Command will be ignored for timing analysis. (File WA_32-sdc.sdc, Line 154).

**WARN: (TCLCMD-1178):	set_output_delay command specified without '-clock' option. Command will be ignored for timing analysis. (File WA_32-sdc.sdc, Line 155).

**WARN: (TCLCMD-1178):	set_output_delay command specified without '-clock' option. Command will be ignored for timing analysis. (File WA_32-sdc.sdc, Line 156).

**WARN: (TCLCMD-1178):	set_output_delay command specified without '-clock' option. Command will be ignored for timing analysis. (File WA_32-sdc.sdc, Line 157).

**WARN: (TCLCMD-1178):	set_output_delay command specified without '-clock' option. Command will be ignored for timing analysis. (File WA_32-sdc.sdc, Line 158).

**WARN: (TCLCMD-1178):	set_output_delay command specified without '-clock' option. Command will be ignored for timing analysis. (File WA_32-sdc.sdc, Line 159).

**WARN: (TCLCMD-1178):	set_output_delay command specified without '-clock' option. Command will be ignored for timing analysis. (File WA_32-sdc.sdc, Line 160).

**WARN: (TCLCMD-1178):	set_output_delay command specified without '-clock' option. Command will be ignored for timing analysis. (File WA_32-sdc.sdc, Line 161).

**WARN: (TCLCMD-1178):	set_output_delay command specified without '-clock' option. Command will be ignored for timing analysis. (File WA_32-sdc.sdc, Line 162).

**WARN: (TCLCMD-1178):	set_output_delay command specified without '-clock' option. Command will be ignored for timing analysis. (File WA_32-sdc.sdc, Line 163).

**WARN: (TCLCMD-1178):	set_output_delay command specified without '-clock' option. Command will be ignored for timing analysis. (File WA_32-sdc.sdc, Line 164).

Message <TCLCMD-1178> has exceeded the message display limit of '20'. Use 'set_message -no_limit -id list_of_msgIDs' to reset the message limit. (File WA_32-sdc.sdc, Line 165).

INFO (CTE): Reading of timing constraints file WA_32-sdc.sdc completed, with 42 WARNING
Ending "Constraint file reading stats" (total cpu=0:00:00.0, real=0:00:00.0, peak res=1167.8M, current mem=1167.8M)
Current (total cpu=0:00:25.4, real=0:02:25, peak res=1167.8M, current mem=1167.8M)
Total number of combinational cells: 317
Total number of sequential cells: 152
Total number of tristate cells: 10
Total number of level shifter cells: 0
Total number of power gating cells: 0
Total number of isolation cells: 0
Total number of power switch cells: 0
Total number of pulse generator cells: 0
Total number of always on buffers: 0
Total number of retention cells: 0
List of usable buffers: BUFX2 BUFX12 BUFX16 BUFX20 CLKBUFX2 BUFX3 BUFX4 BUFX6 BUFX8 CLKBUFX12 CLKBUFX16 CLKBUFX20 CLKBUFX3 CLKBUFX4 CLKBUFX6 CLKBUFX8
Total number of usable buffers: 16
List of unusable buffers:
Total number of unusable buffers: 0
List of usable inverters: CLKINVX1 CLKINVX2 CLKINVX12 CLKINVX16 CLKINVX20 CLKINVX3 CLKINVX4 CLKINVX6 CLKINVX8 INVX1 INVX2 INVX12 INVX16 INVX20 INVXL INVX3 INVX4 INVX6 INVX8
Total number of usable inverters: 19
List of unusable inverters:
Total number of unusable inverters: 0
List of identified usable delay cells: DLY1X1 DLY1X4 DLY2X1 DLY2X4 DLY3X1 DLY3X4 DLY4X1 DLY4X4
Total number of identified usable delay cells: 8
List of identified unusable delay cells:
Total number of identified unusable delay cells: 0
<CMD> saveDesign floorplan.enc
% Begin save design ... (date=09/03 14:19:01, mem=1357.9M)
% Begin Save ccopt configuration ... (date=09/03 14:19:01, mem=1357.9M)
% End Save ccopt configuration ... (date=09/03 14:19:01, total cpu=0:00:00.0, real=0:00:00.0, peak res=1358.9M, current mem=1358.9M)
% Begin Save netlist data ... (date=09/03 14:19:01, mem=1358.9M)
Writing Binary DB to floorplan.enc.dat/WA_32.v.bin in single-threaded mode...
% End Save netlist data ... (date=09/03 14:19:01, total cpu=0:00:00.0, real=0:00:00.0, peak res=1359.0M, current mem=1359.0M)
Saving symbol-table file ...
Saving congestion map file floorplan.enc.dat/WA_32.route.congmap.gz ...
% Begin Save AAE data ... (date=09/03 14:19:01, mem=1359.7M)
Saving AAE Data ...
% End Save AAE data ... (date=09/03 14:19:01, total cpu=0:00:00.0, real=0:00:00.0, peak res=1359.7M, current mem=1359.7M)
Saving preference file floorplan.enc.dat/gui.pref.tcl ...
Saving mode setting ...
Saving global file ...
% Begin Save floorplan data ... (date=09/03 14:19:01, mem=1363.0M)
Saving floorplan file ...
% End Save floorplan data ... (date=09/03 14:19:01, total cpu=0:00:00.0, real=0:00:00.0, peak res=1363.6M, current mem=1363.6M)
Saving Drc markers ...
... No Drc file written since there is no markers found.
% Begin Save placement data ... (date=09/03 14:19:01, mem=1363.7M)
** Saving stdCellPlacement_binary (version# 2) ...
Save Adaptive View Pruning View Names to Binary file
% End Save placement data ... (date=09/03 14:19:01, total cpu=0:00:00.0, real=0:00:00.0, peak res=1363.8M, current mem=1363.8M)
% Begin Save routing data ... (date=09/03 14:19:01, mem=1363.8M)
Saving route file ...
*** Completed saveRoute (cpu=0:00:00.0 real=0:00:01.0 mem=1658.0M) ***
% End Save routing data ... (date=09/03 14:19:02, total cpu=0:00:00.0, real=0:00:01.0, peak res=1364.0M, current mem=1364.0M)
Saving property file floorplan.enc.dat/WA_32.prop
*** Completed saveProperty (cpu=0:00:00.0 real=0:00:00.0 mem=1661.0M) ***
% Begin Save power constraints data ... (date=09/03 14:19:02, mem=1364.7M)
% End Save power constraints data ... (date=09/03 14:19:02, total cpu=0:00:00.0, real=0:00:00.0, peak res=1364.8M, current mem=1364.8M)
'couldn't execute "cp": not owner'.
% End save design ... (date=09/03 14:19:02, total cpu=0:00:00.2, real=0:00:01.0, peak res=1393.8M, current mem=1365.3M)
<CMD> set sprCreateIeRingOffset 1.0
<CMD> set sprCreateIeRingThreshold 1.0
<CMD> set sprCreateIeRingJogDistance 1.0
<CMD> set sprCreateIeRingLayers {}
<CMD> set sprCreateIeRingOffset 1.0
<CMD> set sprCreateIeRingThreshold 1.0
<CMD> set sprCreateIeRingJogDistance 1.0
<CMD> set sprCreateIeRingLayers {}
<CMD> set sprCreateIeStripeWidth 10.0
<CMD> set sprCreateIeStripeThreshold 1.0
<CMD> set sprCreateIeStripeWidth 10.0
<CMD> set sprCreateIeStripeThreshold 1.0
<CMD> set sprCreateIeRingOffset 1.0
<CMD> set sprCreateIeRingThreshold 1.0
<CMD> set sprCreateIeRingJogDistance 1.0
<CMD> set sprCreateIeRingLayers {}
<CMD> set sprCreateIeStripeWidth 10.0
<CMD> set sprCreateIeStripeThreshold 1.0

viaInitial starts at Tue Sep  3 14:19:22 2024
viaInitial ends at Tue Sep  3 14:19:22 2024
<CMD> setAddRingMode -ring_target default -extend_over_row 0 -ignore_rows 0 -avoid_short 0 -skip_crossing_trunks none -stacked_via_top_layer Metal9 -stacked_via_bottom_layer Metal1 -via_using_exact_crossover_size 1 -orthogonal_only true -skip_via_on_pin {  standardcell } -skip_via_on_wire_shape {  noshape }
The ring targets are set to core/block ring wires.
addRing command will consider rows while creating rings.
addRing command will disallow rings to go over rows.
addRing command will ignore shorts while creating rings.
<CMD> addRing -nets {VDD VSS} -type core_rings -follow core -layer {top Metal9 bottom Metal9 left Metal8 right Metal8} -width {top 1.8 bottom 1.8 left 1.8 right 1.8} -spacing {top 0.5 bottom 0.5 left 0.5 right 0.5} -offset {top 1.8 bottom 1.8 left 1.8 right 1.8} -center 1 -threshold 0 -jog_distance 0 -snap_wire_center_to_grid None

Loading cell geometries (cpu: 0:00:00.0, real: 0:00:00.0, peak mem: 1675.0M)
**WARN: (IMPPP-220):	The power planner does not create core rings outside the design boundary. Check the design boundary, or specify valid offsets.
**WARN: (IMPPP-4051):	Failed to add rings, because the IO cells might contain gaps. Run the 'addIoFiller' command to fill gaps between the cells and try again.
Type 'man IMPPP-4051' for more detail.
<CMD> setAddRingMode -ring_target default -extend_over_row 0 -ignore_rows 0 -avoid_short 0 -skip_crossing_trunks none -stacked_via_top_layer Metal9 -stacked_via_bottom_layer Metal1 -via_using_exact_crossover_size 1 -orthogonal_only true -skip_via_on_pin {  standardcell } -skip_via_on_wire_shape {  noshape }
The ring targets are set to core/block ring wires.
addRing command will consider rows while creating rings.
addRing command will disallow rings to go over rows.
addRing command will ignore shorts while creating rings.
<CMD> addRing -nets {VDD VSS} -type core_rings -follow core -layer {top Metal9 bottom Metal9 left Metal8 right Metal8} -width {top 1.8 bottom 1.8 left 1.8 right 1.8} -spacing {top 0.5 bottom 0.5 left 0.5 right 0.5} -offset {top 1.8 bottom 1.8 left 1.8 right 1.8} -center 1 -threshold 0 -jog_distance 0 -snap_wire_center_to_grid None

Loading cell geometries (cpu: 0:00:00.0, real: 0:00:00.0, peak mem: 1675.0M)
**WARN: (IMPPP-220):	The power planner does not create core rings outside the design boundary. Check the design boundary, or specify valid offsets.
**WARN: (IMPPP-4051):	Failed to add rings, because the IO cells might contain gaps. Run the 'addIoFiller' command to fill gaps between the cells and try again.
Type 'man IMPPP-4051' for more detail.
<CMD> setAddRingMode -ring_target default -extend_over_row 0 -ignore_rows 0 -avoid_short 0 -skip_crossing_trunks none -stacked_via_top_layer Metal9 -stacked_via_bottom_layer Metal1 -via_using_exact_crossover_size 1 -orthogonal_only true -skip_via_on_pin {  standardcell } -skip_via_on_wire_shape {  noshape }
The ring targets are set to core/block ring wires.
addRing command will consider rows while creating rings.
addRing command will disallow rings to go over rows.
addRing command will ignore shorts while creating rings.
<CMD> addRing -nets {VDD VSS} -type core_rings -follow core -layer {top Metal9 bottom Metal9 left Metal8 right Metal8} -width {top 1.8 bottom 1.8 left 1.8 right 1.8} -spacing {top 0.5 bottom 0.5 left 0.5 right 0.5} -offset {top 1.8 bottom 1.8 left 1.8 right 1.8} -center 1 -threshold 0 -jog_distance 0 -snap_wire_center_to_grid None

Loading cell geometries (cpu: 0:00:00.0, real: 0:00:00.0, peak mem: 1675.0M)
**WARN: (IMPPP-220):	The power planner does not create core rings outside the design boundary. Check the design boundary, or specify valid offsets.
**WARN: (IMPPP-4051):	Failed to add rings, because the IO cells might contain gaps. Run the 'addIoFiller' command to fill gaps between the cells and try again.
Type 'man IMPPP-4051' for more detail.
<CMD> zoomBox -438.48200 -161.49450 742.43000 409.43350
<CMD> zoomBox -157.61700 -26.00000 366.36250 227.32500
<CMD> fit

--------------------------------------------------------------------------------
Exiting Innovus on Tue Sep  3 14:20:01 2024
  Total CPU time:     0:01:27
  Total real time:    0:19:15
  Peak memory (main): 1390.20MB


*** Memory Usage v#1 (Current mem = 1672.984M, initial mem = 476.031M) ***
*** Message Summary: 1686 warning(s), 105 error(s)

--- Ending "Innovus" (totcpu=0:01:26, real=0:19:14, mem=1673.0M) ---
