###############################################################
#  Generated by:      Cadence Innovus 21.15-s110_1
#  OS:                Linux x86_64(Host ID vlsilab01.nitdelhi.ac.in)
#  Generated on:      Tue Sep  3 10:41:52 2024
#  Design:            ksa8
#  Command:           checkDesign -all
###############################################################
Design: ksa8

------ Design Summary:
Total Standard Cell Number   (cells) : 24
Total Block Cell Number      (cells) : 0
Total I/O Pad Cell Number    (cells) : 0
Total Standard Cell Area     ( um^2) : 188.47
Total Block Cell Area        ( um^2) : 0.00
Total I/O Pad Cell Area      ( um^2) : 0.00

------ Design Statistics:

Number of Instances            : 24
Number of Non-uniquified Insts : 22
Number of Nets                 : 45
Average number of Pins per Net : 2.44
Maximum number of Pins in Net  : 3

------ I/O Port summary

Number of Primary I/O Ports    : 26
Number of Input Ports          : 17
Number of Output Ports         : 9
Number of Bidirectional Ports  : 0
Number of Power/Ground Ports   : 0



------------------------------------------------------------
Detail report:


------ I/O Pad/Port Checking


